01-23-2025 09:15:15 PM:INFO:discord.client: logging in using static token
01-23-2025 09:15:16 PM:INFO:discord.gateway: Shard ID None has connected to Gateway (Session ID: 4ba310a1ef751b39e09438b3dc026d51).
01-23-2025 09:15:18 PM:INFO:logger: DB 테이블 생성을 완료 하였습니다. 테이블 이름은 restore 입니다.
01-23-2025 09:15:18 PM:INFO:logger: Successful getting verify guild id
01-23-2025 09:15:19 PM:ERROR:discord.client: Ignoring exception in on_ready
Traceback (most recent call last):
  File "/usr/local/lib/python3.10/dist-packages/discord/client.py", line 449, in _run_event
    await coro(*args, **kwargs)
  File "/root/Desktop/restore/RestoreBot/main.py", line 30, in on_ready
    trees = await bot.tree.sync()
  File "/usr/local/lib/python3.10/dist-packages/discord/app_commands/tree.py", line 1134, in sync
    raise CommandSyncFailure(e, commands) from None
discord.app_commands.errors.CommandSyncFailure: Failed to upload commands to Discord (HTTP status 400, error code 50035)
In command 'register' defined in function 'register'
  description: This field is required
01-23-2025 09:16:21 PM:INFO:discord.client: logging in using static token
01-23-2025 09:16:22 PM:INFO:discord.gateway: Shard ID None has connected to Gateway (Session ID: df95f5285c3db5e14dd9d6591ae7b35a).
01-23-2025 09:16:25 PM:INFO:logger: DB 테이블 생성을 완료 하였습니다. 테이블 이름은 restore 입니다.
01-23-2025 09:16:25 PM:ERROR:discord.client: Ignoring exception in on_ready
Traceback (most recent call last):
  File "/usr/local/lib/python3.10/dist-packages/discord/client.py", line 449, in _run_event
    await coro(*args, **kwargs)
  File "/root/Desktop/restore/RestoreBot/main.py", line 29, in on_ready
    guilds = await DB.getGuildRegister()
  File "/root/Desktop/restore/RestoreBot/db.py", line 89, in getGuildRegister
    for x in range(len(result)):
TypeError: object of type 'coroutine' has no len()
01-23-2025 09:50:14 PM:INFO:discord.client: logging in using static token
01-23-2025 09:50:15 PM:INFO:discord.gateway: Shard ID None has connected to Gateway (Session ID: d139519f60bb5d1ffb27a72e4042d08f).
01-23-2025 09:50:17 PM:INFO:logger: DB 테이블 생성을 완료 하였습니다. 테이블 이름은 restore 입니다.
01-23-2025 09:50:17 PM:ERROR:discord.client: Ignoring exception in on_ready
Traceback (most recent call last):
  File "/usr/local/lib/python3.10/dist-packages/discord/client.py", line 449, in _run_event
    await coro(*args, **kwargs)
  File "/root/Desktop/restore/RestoreBot/main.py", line 29, in on_ready
    guilds = await DB.getGuildRegister()
  File "/root/Desktop/restore/RestoreBot/db.py", line 89, in getGuildRegister
    for x in range(len(result)):
TypeError: object of type 'coroutine' has no len()
01-23-2025 09:50:40 PM:INFO:discord.client: logging in using static token
01-23-2025 09:50:42 PM:INFO:discord.gateway: Shard ID None has connected to Gateway (Session ID: 515210886fdd663d89bd0fd78c785f8d).
01-23-2025 09:50:44 PM:INFO:logger: DB 테이블 생성을 완료 하였습니다. 테이블 이름은 restore 입니다.
01-23-2025 09:50:44 PM:INFO:logger: Successful getting verify guild id
01-23-2025 09:50:44 PM:ERROR:discord.client: Ignoring exception in on_ready
Traceback (most recent call last):
  File "/usr/local/lib/python3.10/dist-packages/discord/client.py", line 449, in _run_event
    await coro(*args, **kwargs)
  File "/root/Desktop/restore/RestoreBot/main.py", line 31, in on_ready
    trees = await bot.tree.sync()
  File "/usr/local/lib/python3.10/dist-packages/discord/app_commands/tree.py", line 1134, in sync
    raise CommandSyncFailure(e, commands) from None
discord.app_commands.errors.CommandSyncFailure: Failed to upload commands to Discord (HTTP status 400, error code 50035)
In command 'register' defined in function 'register'
  description: This field is required
01-23-2025 09:51:52 PM:INFO:discord.client: logging in using static token
01-23-2025 09:51:53 PM:INFO:discord.gateway: Shard ID None has connected to Gateway (Session ID: a430cf96c75e6c3ba7d22e6980731c7c).
01-23-2025 09:51:56 PM:INFO:logger: DB 테이블 생성을 완료 하였습니다. 테이블 이름은 restore 입니다.
01-23-2025 09:51:56 PM:INFO:logger: Successful getting verify guild id
01-23-2025 09:51:56 PM:INFO:logger: Zita Restore 이(가) 켜졌습니다. 3 개의 명령어가 활성화 되었습니다.
01-24-2025 02:20:54 PM:INFO:discord.client: logging in using static token
01-24-2025 02:20:56 PM:INFO:discord.gateway: Shard ID None has connected to Gateway (Session ID: ab3c60ee8f7fb921668e7ec0edfca24f).
01-24-2025 02:20:58 PM:INFO:logger: DB 테이블 생성을 완료 하였습니다. 테이블 이름은 restore 입니다.
01-24-2025 02:20:58 PM:INFO:logger: Successful getting verify guild id
01-24-2025 02:20:58 PM:INFO:logger: Zita Restore 이(가) 켜졌습니다. 3 개의 명령어가 활성화 되었습니다.
01-24-2025 02:20:58 PM:INFO:logger: Starting Web server
01-24-2025 02:23:22 PM:INFO:discord.client: logging in using static token
01-24-2025 02:23:23 PM:INFO:discord.gateway: Shard ID None has connected to Gateway (Session ID: 1f5f821407e866923c80f01502578c38).
01-24-2025 02:23:26 PM:INFO:logger: DB 테이블 생성을 완료 하였습니다. 테이블 이름은 restore 입니다.
01-24-2025 02:23:26 PM:INFO:logger: Successful getting verify guild id
01-24-2025 02:23:26 PM:INFO:logger: Zita Restore 이(가) 켜졌습니다. 3 개의 명령어가 활성화 되었습니다.
01-24-2025 02:23:26 PM:INFO:logger: Starting Web server
