02-04-2025 12:56:15 PM:INFO:discord.client: logging in using static token
02-04-2025 12:56:17 PM:INFO:discord.gateway: Shard ID None has connected to Gateway (Session ID: 10cd763c170c0f5bcfc96f238bd7831c).
02-04-2025 12:56:20 PM:INFO:function.logger: DB 테이블 생성을 완료 하였습니다. 테이블 이름은 restore 입니다.
02-04-2025 12:56:20 PM:INFO:function.logger: Successful getting verify guild id
02-04-2025 12:56:20 PM:INFO:function.logger: Zita Restore 이(가) 켜졌습니다. 2 개의 명령어가 활성화 되었습니다.
02-04-2025 12:57:46 PM:INFO:function.logger: jonso541(955108737906012170) 님이 Zita Service(1316272008471904286)에서 인증 명령어를 실행 하셨습니다.
02-04-2025 12:57:59 PM:ERROR:discord.ui.view: Ignoring exception in view <SetBtn timeout=None children=5> for item <Button style=<ButtonStyle.success: 3> url=None disabled=False label='백업하기' emoji=<PartialEmoji animated=False name='👥' id=None> row=1 sku_id=None>
Traceback (most recent call last):
  File "/home/ubuntu/.local/lib/python3.12/site-packages/discord/ui/view.py", line 430, in _scheduled_task
    await item.callback(interaction)
  File "/home/ubuntu/js/RestoreBot/button/button.py", line 49, in storeUsr
    return await backupCallback(self.instance, i)
                 ^^^^^^^^^^^^^^^^^^^^^^^^^^^^^^^^
TypeError: backupCallback() missing 1 required positional argument: 'data'
02-04-2025 12:58:09 PM:INFO:discord.client: logging in using static token
02-04-2025 12:58:10 PM:INFO:discord.gateway: Shard ID None has connected to Gateway (Session ID: 7b2a9b6e7dabc5692caaa0edb6a970b0).
02-04-2025 12:58:13 PM:INFO:function.logger: DB 테이블 생성을 완료 하였습니다. 테이블 이름은 restore 입니다.
02-04-2025 12:58:13 PM:INFO:function.logger: Successful getting verify guild id
02-04-2025 12:58:13 PM:INFO:function.logger: Zita Restore 이(가) 켜졌습니다. 2 개의 명령어가 활성화 되었습니다.
02-04-2025 12:58:28 PM:ERROR:discord.ui.view: Ignoring exception in view <backupBtn timeout=900.0 children=1> for item <Button style=<ButtonStyle.primary: 1> url=None disabled=False label='확인했습니다.' emoji=<PartialEmoji animated=False name='✅' id=None> row=None sku_id=None>
Traceback (most recent call last):
  File "/home/ubuntu/.local/lib/python3.12/site-packages/discord/ui/view.py", line 430, in _scheduled_task
    await item.callback(interaction)
  File "/home/ubuntu/js/RestoreBot/button/backupBtn.py", line 69, in check
    channels, roles, emojidata = await asyncio.gather(channelBackup(), roleBackup(), emojiBackup())
                                 ^^^^^^^^^^^^^^^^^^^^^^^^^^^^^^^^^^^^^^^^^^^^^^^^^^^^^^^^^^^^^^^^^^
  File "/home/ubuntu/js/RestoreBot/button/backupBtn.py", line 45, in channelBackup
    for perm in overwrite.permissions:
                ^^^^^^^^^^^^^^^^^^^^^
AttributeError: 'Member' object has no attribute 'permissions'. Did you mean: '_permissions'?
02-04-2025 12:59:08 PM:ERROR:discord.ui.modal: Ignoring exception in modal <restoreUsr timeout=None children=1>:
Traceback (most recent call last):
  File "/home/ubuntu/.local/lib/python3.12/site-packages/discord/ui/modal.py", line 189, in _scheduled_task
    await self.on_submit(interaction)
  File "/home/ubuntu/js/RestoreBot/button/restore/main.py", line 21, in on_submit
    users = await DB.getRestoreKey(recover_key)
            ^^^^^^^^^^^^^^^^^^^^^^^^^^^^^^^^^^^
  File "/home/ubuntu/js/RestoreBot/function/db.py", line 137, in getRestoreKey
    return False if not await cursor.fetchone() else eval(await cursor.fetchone()[0])
                                                                ~~~~~~~~~~~~~~~~~^^^
TypeError: 'coroutine' object is not subscriptable
02-04-2025 12:59:30 PM:INFO:discord.client: logging in using static token
02-04-2025 12:59:32 PM:INFO:discord.gateway: Shard ID None has connected to Gateway (Session ID: 3e81710dba0bca02b5e9a173afd5d59f).
02-04-2025 12:59:34 PM:INFO:function.logger: DB 테이블 생성을 완료 하였습니다. 테이블 이름은 restore 입니다.
02-04-2025 12:59:34 PM:INFO:function.logger: Successful getting verify guild id
02-04-2025 12:59:34 PM:INFO:function.logger: Zita Restore 이(가) 켜졌습니다. 2 개의 명령어가 활성화 되었습니다.
02-04-2025 01:00:09 PM:INFO:discord.client: logging in using static token
02-04-2025 01:00:11 PM:INFO:discord.gateway: Shard ID None has connected to Gateway (Session ID: ec99b2c6562ce629b5056919f0f41a43).
02-04-2025 01:00:13 PM:INFO:function.logger: DB 테이블 생성을 완료 하였습니다. 테이블 이름은 restore 입니다.
02-04-2025 01:00:13 PM:INFO:function.logger: Successful getting verify guild id
02-04-2025 01:00:14 PM:INFO:function.logger: Zita Restore 이(가) 켜졌습니다. 2 개의 명령어가 활성화 되었습니다.
02-04-2025 01:01:55 PM:ERROR:discord.ui.view: Ignoring exception in view <restoreBtn timeout=900.0 children=2> for item <Button style=<ButtonStyle.success: 3> url=None disabled=False label='유저복구' emoji=<PartialEmoji animated=False name='👥' id=None> row=None sku_id=None>
Traceback (most recent call last):
  File "/home/ubuntu/.local/lib/python3.12/site-packages/discord/ui/view.py", line 430, in _scheduled_task
    await item.callback(interaction)
  File "/home/ubuntu/js/RestoreBot/button/restore/main.py", line 37, in usrRestore
    return await usrRestore(self.instance, i, btnMSG, users)
           ^^^^^^^^^^^^^^^^^^^^^^^^^^^^^^^^^^^^^^^^^^^^^^^^^
  File "/home/ubuntu/js/RestoreBot/button/restore/usr.py", line 12, in usrRestore
    async with aiohttp.ClientSession() as session:
               ^^^^^^^
NameError: name 'aiohttp' is not defined
02-04-2025 01:02:28 PM:INFO:discord.client: logging in using static token
02-04-2025 01:02:30 PM:INFO:discord.gateway: Shard ID None has connected to Gateway (Session ID: 84ed463dc94a11182a0fac0f733c8a3f).
02-04-2025 01:02:33 PM:INFO:function.logger: DB 테이블 생성을 완료 하였습니다. 테이블 이름은 restore 입니다.
02-04-2025 01:02:33 PM:INFO:function.logger: Successful getting verify guild id
02-04-2025 01:02:33 PM:INFO:function.logger: Zita Restore 이(가) 켜졌습니다. 2 개의 명령어가 활성화 되었습니다.
02-04-2025 01:02:38 PM:ERROR:discord.ui.view: Ignoring exception in view <restoreBtn timeout=900.0 children=2> for item <Button style=<ButtonStyle.success: 3> url=None disabled=False label='유저복구' emoji=<PartialEmoji animated=False name='👥' id=None> row=None sku_id=None>
Traceback (most recent call last):
  File "/home/ubuntu/.local/lib/python3.12/site-packages/discord/ui/view.py", line 430, in _scheduled_task
    await item.callback(interaction)
  File "/home/ubuntu/js/RestoreBot/button/restore/main.py", line 37, in usrRestore
    return await usrRestore(self.instance, i, btnMSG, users)
           ^^^^^^^^^^^^^^^^^^^^^^^^^^^^^^^^^^^^^^^^^^^^^^^^^
  File "/home/ubuntu/js/RestoreBot/button/restore/usr.py", line 31, in usrRestore
    await asyncRestore(users)
  File "/home/ubuntu/js/RestoreBot/button/restore/usr.py", line 18, in asyncRestore
    new_token = await refreshToken(session, refresh_token)
                      ^^^^^^^^^^^^
NameError: name 'refreshToken' is not defined. Did you mean: 'refresh_token'?
02-04-2025 01:03:16 PM:INFO:discord.client: logging in using static token
02-04-2025 01:03:17 PM:INFO:discord.gateway: Shard ID None has connected to Gateway (Session ID: ee3775f66f4210cdd91ece51a361dd4b).
02-04-2025 01:03:20 PM:INFO:function.logger: DB 테이블 생성을 완료 하였습니다. 테이블 이름은 restore 입니다.
02-04-2025 01:03:20 PM:INFO:function.logger: Successful getting verify guild id
02-04-2025 01:03:20 PM:INFO:function.logger: Zita Restore 이(가) 켜졌습니다. 2 개의 명령어가 활성화 되었습니다.
02-04-2025 01:03:37 PM:ERROR:discord.ui.view: Ignoring exception in view <restoreBtn timeout=900.0 children=2> for item <Button style=<ButtonStyle.success: 3> url=None disabled=False label='유저복구' emoji=<PartialEmoji animated=False name='👥' id=None> row=None sku_id=None>
Traceback (most recent call last):
  File "/home/ubuntu/.local/lib/python3.12/site-packages/discord/ui/view.py", line 430, in _scheduled_task
    await item.callback(interaction)
  File "/home/ubuntu/js/RestoreBot/button/restore/main.py", line 37, in usrRestore
    return await usrRestore(self.instance, i, btnMSG, users)
           ^^^^^^^^^^^^^^^^^^^^^^^^^^^^^^^^^^^^^^^^^^^^^^^^^
  File "/home/ubuntu/js/RestoreBot/button/restore/usr.py", line 33, in usrRestore
    await DB.changeRefreshToken(users, newUsr)
          ^^
NameError: name 'DB' is not defined
02-04-2025 01:03:49 PM:INFO:discord.client: logging in using static token
02-04-2025 01:03:50 PM:INFO:discord.gateway: Shard ID None has connected to Gateway (Session ID: 3305577fae2b8cd4c5f8f874b45fb17e).
02-04-2025 01:03:53 PM:INFO:function.logger: DB 테이블 생성을 완료 하였습니다. 테이블 이름은 restore 입니다.
02-04-2025 01:03:53 PM:INFO:function.logger: Successful getting verify guild id
02-04-2025 01:03:53 PM:INFO:function.logger: Zita Restore 이(가) 켜졌습니다. 2 개의 명령어가 활성화 되었습니다.
02-04-2025 01:04:00 PM:ERROR:discord.ui.view: Ignoring exception in view <restoreBtn timeout=900.0 children=2> for item <Button style=<ButtonStyle.success: 3> url=None disabled=False label='유저복구' emoji=<PartialEmoji animated=False name='👥' id=None> row=None sku_id=None>
Traceback (most recent call last):
  File "/home/ubuntu/.local/lib/python3.12/site-packages/discord/ui/view.py", line 430, in _scheduled_task
    await item.callback(interaction)
  File "/home/ubuntu/js/RestoreBot/button/restore/main.py", line 37, in usrRestore
    return await usrRestore(self.instance, i, btnMSG, users)
           ^^^^^^^^^^^^^^^^^^^^^^^^^^^^^^^^^^^^^^^^^^^^^^^^^
  File "/home/ubuntu/js/RestoreBot/button/restore/usr.py", line 41, in usrRestore
    await self.instance.btn(111)
          ^^^^
NameError: name 'self' is not defined
02-04-2025 01:04:12 PM:INFO:discord.client: logging in using static token
02-04-2025 01:04:13 PM:INFO:discord.gateway: Shard ID None has connected to Gateway (Session ID: 7239c9a37b0c41bde8d43af83cd0e037).
02-04-2025 01:04:16 PM:INFO:function.logger: DB 테이블 생성을 완료 하였습니다. 테이블 이름은 restore 입니다.
02-04-2025 01:04:16 PM:INFO:function.logger: Successful getting verify guild id
02-04-2025 01:04:53 PM:INFO:function.logger: Zita Restore 이(가) 켜졌습니다. 2 개의 명령어가 활성화 되었습니다.
02-04-2025 03:02:55 PM:INFO:discord.gateway: Shard ID None has successfully RESUMED session 7239c9a37b0c41bde8d43af83cd0e037.
02-04-2025 04:00:55 PM:INFO:discord.gateway: Shard ID None has successfully RESUMED session 7239c9a37b0c41bde8d43af83cd0e037.
02-04-2025 04:59:34 PM:INFO:discord.gateway: Shard ID None has successfully RESUMED session 7239c9a37b0c41bde8d43af83cd0e037.
02-04-2025 06:29:22 PM:INFO:discord.gateway: Shard ID None has successfully RESUMED session 7239c9a37b0c41bde8d43af83cd0e037.
02-04-2025 07:03:22 PM:INFO:discord.gateway: Shard ID None has successfully RESUMED session 7239c9a37b0c41bde8d43af83cd0e037.
02-04-2025 07:14:50 PM:INFO:discord.gateway: Shard ID None has successfully RESUMED session 7239c9a37b0c41bde8d43af83cd0e037.
02-04-2025 08:58:01 PM:INFO:discord.gateway: Shard ID None has successfully RESUMED session 7239c9a37b0c41bde8d43af83cd0e037.
02-05-2025 12:07:37 AM:INFO:discord.gateway: Shard ID None has successfully RESUMED session 7239c9a37b0c41bde8d43af83cd0e037.
02-05-2025 01:07:13 AM:INFO:discord.gateway: Shard ID None has successfully RESUMED session 7239c9a37b0c41bde8d43af83cd0e037.
02-05-2025 03:04:40 AM:INFO:discord.gateway: Shard ID None has successfully RESUMED session 7239c9a37b0c41bde8d43af83cd0e037.
02-05-2025 05:08:04 AM:INFO:hypercorn.error: Running on http://0.0.0.0:4404 (CTRL + C to quit)
02-05-2025 05:08:14 AM:INFO:function.logger: 123.142.117.33 Users in data email: cheonjoonseo541@gmail.com, User: 준서(955108737906012170) in guild: 1316272008471904286
02-05-2025 05:22:25 AM:INFO:hypercorn.error: Running on http://0.0.0.0:4404 (CTRL + C to quit)
02-05-2025 05:22:46 AM:INFO:hypercorn.error: Running on http://0.0.0.0:4405 (CTRL + C to quit)
02-05-2025 05:23:15 AM:INFO:function.logger: 118.34.72.30 Users in data email: donuldduck@outlook.kr, User: .(762458172870361128) in guild: 1316272008471904286
02-05-2025 05:23:22 AM:ERROR:Invite Web: Exception on request GET /7UNfBGmX
Traceback (most recent call last):
  File "/home/ubuntu/.local/lib/python3.12/site-packages/quart/app.py", line 1464, in handle_request
    return await self.full_dispatch_request(request_context)
           ^^^^^^^^^^^^^^^^^^^^^^^^^^^^^^^^^^^^^^^^^^^^^^^^^
  File "/home/ubuntu/.local/lib/python3.12/site-packages/quart/app.py", line 1502, in full_dispatch_request
    result = await self.handle_user_exception(error)
             ^^^^^^^^^^^^^^^^^^^^^^^^^^^^^^^^^^^^^^^
  File "/home/ubuntu/.local/lib/python3.12/site-packages/quart/app.py", line 1059, in handle_user_exception
    raise error
  File "/home/ubuntu/.local/lib/python3.12/site-packages/quart/app.py", line 1500, in full_dispatch_request
    result = await self.dispatch_request(request_context)
             ^^^^^^^^^^^^^^^^^^^^^^^^^^^^^^^^^^^^^^^^^^^^
  File "/home/ubuntu/.local/lib/python3.12/site-packages/quart/app.py", line 1597, in dispatch_request
    return await self.ensure_async(handler)(**request_.view_args)  # type: ignore[return-value]
           ^^^^^^^^^^^^^^^^^^^^^^^^^^^^^^^^^^^^^^^^^^^^^^^^^^^^^^
  File "/home/ubuntu/js/RestoreBot/invite.py", line 30, in invite
    return await inviteGet(inviteLink)
           ^^^^^^^^^^^^^^^^^^^^^^^^^^^
  File "/home/ubuntu/js/RestoreBot/invite.py", line 20, in inviteGet
    guildID = data['guild']['id']
              ~~~~^^^^^^^^^
TypeError: 'coroutine' object is not subscriptable
02-05-2025 05:23:32 AM:INFO:hypercorn.error: Running on http://0.0.0.0:4405 (CTRL + C to quit)
02-05-2025 05:23:34 AM:ERROR:Invite Web: Exception on request GET /7UNfBGmX
Traceback (most recent call last):
  File "/home/ubuntu/.local/lib/python3.12/site-packages/quart/app.py", line 1464, in handle_request
    return await self.full_dispatch_request(request_context)
           ^^^^^^^^^^^^^^^^^^^^^^^^^^^^^^^^^^^^^^^^^^^^^^^^^
  File "/home/ubuntu/.local/lib/python3.12/site-packages/quart/app.py", line 1502, in full_dispatch_request
    result = await self.handle_user_exception(error)
             ^^^^^^^^^^^^^^^^^^^^^^^^^^^^^^^^^^^^^^^
  File "/home/ubuntu/.local/lib/python3.12/site-packages/quart/app.py", line 1059, in handle_user_exception
    raise error
  File "/home/ubuntu/.local/lib/python3.12/site-packages/quart/app.py", line 1500, in full_dispatch_request
    result = await self.dispatch_request(request_context)
             ^^^^^^^^^^^^^^^^^^^^^^^^^^^^^^^^^^^^^^^^^^^^
  File "/home/ubuntu/.local/lib/python3.12/site-packages/quart/app.py", line 1597, in dispatch_request
    return await self.ensure_async(handler)(**request_.view_args)  # type: ignore[return-value]
           ^^^^^^^^^^^^^^^^^^^^^^^^^^^^^^^^^^^^^^^^^^^^^^^^^^^^^^
  File "/home/ubuntu/js/RestoreBot/invite.py", line 30, in invite
    return await inviteGet(inviteLink)
           ^^^^^^^^^^^^^^^^^^^^^^^^^^^
  File "/home/ubuntu/js/RestoreBot/invite.py", line 25, in inviteGet
    return render_template('invite.html', guild_name=guild_name, onlines=onlines, members=members, server_image=server_image, BANNER=BANNER)
                                                     ^^^^^^^^^^
NameError: name 'guild_name' is not defined
02-05-2025 05:23:58 AM:INFO:hypercorn.error: Running on http://0.0.0.0:4405 (CTRL + C to quit)
02-05-2025 05:24:03 AM:ERROR:Invite Web: Exception on request GET /7UNfBGmX
Traceback (most recent call last):
  File "/home/ubuntu/.local/lib/python3.12/site-packages/quart/app.py", line 1464, in handle_request
    return await self.full_dispatch_request(request_context)
           ^^^^^^^^^^^^^^^^^^^^^^^^^^^^^^^^^^^^^^^^^^^^^^^^^
  File "/home/ubuntu/.local/lib/python3.12/site-packages/quart/app.py", line 1503, in full_dispatch_request
    return await self.finalize_request(result, request_context)
           ^^^^^^^^^^^^^^^^^^^^^^^^^^^^^^^^^^^^^^^^^^^^^^^^^^^^
  File "/home/ubuntu/.local/lib/python3.12/site-packages/quart/app.py", line 1628, in finalize_request
    response = await self.make_response(result)
               ^^^^^^^^^^^^^^^^^^^^^^^^^^^^^^^^
  File "/home/ubuntu/.local/lib/python3.12/site-packages/quart/app.py", line 1447, in make_response
    raise TypeError(
TypeError: The response value type (coroutine) is not valid
02-05-2025 05:24:16 AM:INFO:hypercorn.error: Running on http://0.0.0.0:4405 (CTRL + C to quit)
02-05-2025 05:24:45 AM:INFO:hypercorn.error: Running on http://0.0.0.0:4405 (CTRL + C to quit)
02-05-2025 05:33:18 AM:INFO:hypercorn.error: Running on http://0.0.0.0:4405 (CTRL + C to quit)
02-05-2025 05:33:32 AM:INFO:hypercorn.error: Running on http://0.0.0.0:4405 (CTRL + C to quit)
02-05-2025 05:34:14 AM:INFO:hypercorn.error: Running on http://0.0.0.0:4405 (CTRL + C to quit)
02-05-2025 05:35:39 AM:INFO:hypercorn.error: Running on http://0.0.0.0:4405 (CTRL + C to quit)
02-05-2025 05:36:27 AM:INFO:hypercorn.error: Running on http://0.0.0.0:4405 (CTRL + C to quit)
02-05-2025 05:43:13 AM:INFO:hypercorn.error: Running on http://0.0.0.0:4404 (CTRL + C to quit)
02-05-2025 05:43:22 AM:INFO:function.logger: 123.142.117.33 Users in data email: cheonjoonseo541@gmail.com, User: 준서(955108737906012170) in guild: 1316272008471904286
02-05-2025 05:43:46 AM:INFO:hypercorn.error: Running on http://0.0.0.0:4404 (CTRL + C to quit)
02-05-2025 05:43:51 AM:ERROR:Restore Web: Exception on request GET /callback
Traceback (most recent call last):
  File "/home/ubuntu/.local/lib/python3.12/site-packages/quart/app.py", line 1464, in handle_request
    return await self.full_dispatch_request(request_context)
           ^^^^^^^^^^^^^^^^^^^^^^^^^^^^^^^^^^^^^^^^^^^^^^^^^
  File "/home/ubuntu/.local/lib/python3.12/site-packages/quart/app.py", line 1502, in full_dispatch_request
    result = await self.handle_user_exception(error)
             ^^^^^^^^^^^^^^^^^^^^^^^^^^^^^^^^^^^^^^^
  File "/home/ubuntu/.local/lib/python3.12/site-packages/quart/app.py", line 1059, in handle_user_exception
    raise error
  File "/home/ubuntu/.local/lib/python3.12/site-packages/quart/app.py", line 1500, in full_dispatch_request
    result = await self.dispatch_request(request_context)
             ^^^^^^^^^^^^^^^^^^^^^^^^^^^^^^^^^^^^^^^^^^^^
  File "/home/ubuntu/.local/lib/python3.12/site-packages/quart/app.py", line 1597, in dispatch_request
    return await self.ensure_async(handler)(**request_.view_args)  # type: ignore[return-value]
           ^^^^^^^^^^^^^^^^^^^^^^^^^^^^^^^^^^^^^^^^^^^^^^^^^^^^^^
  File "/home/ubuntu/js/RestoreBot/web.py", line 23, in callback
    exchangeRes, guild, ip = await asyncio.gather(
                             ^^^^^^^^^^^^^^^^^^^^^
  File "/home/ubuntu/js/RestoreBot/function/oauth2.py", line 88, in getGuild
    return await response.json()
           ^^^^^^^^^^^^^^^^^^^^^
  File "/home/ubuntu/.local/lib/python3.12/site-packages/aiohttp/client_reqrep.py", line 1281, in json
    raise ContentTypeError(
aiohttp.client_exceptions.ContentTypeError: 404, message='Attempt to decode JSON with unexpected mimetype: text/html', url='https://discord.com/apt/v9/guilds/1316272008471904286'
02-05-2025 05:44:13 AM:INFO:hypercorn.error: Running on http://0.0.0.0:4404 (CTRL + C to quit)
02-05-2025 05:44:28 AM:INFO:function.logger: 123.142.117.33 Users in data email: cheonjoonseo541@gmail.com, User: 준서(955108737906012170) in guild: 1316272008471904286
02-05-2025 05:45:16 AM:INFO:hypercorn.error: Running on http://0.0.0.0:4404 (CTRL + C to quit)
02-05-2025 05:45:20 AM:INFO:function.logger: 123.142.117.33 Users in data email: cheonjoonseo541@gmail.com, User: 준서(955108737906012170) in guild: 1316272008471904286
02-05-2025 05:45:21 AM:ERROR:Restore Web: Exception on request GET /callback
Traceback (most recent call last):
  File "/home/ubuntu/.local/lib/python3.12/site-packages/quart/app.py", line 1464, in handle_request
    return await self.full_dispatch_request(request_context)
           ^^^^^^^^^^^^^^^^^^^^^^^^^^^^^^^^^^^^^^^^^^^^^^^^^
  File "/home/ubuntu/.local/lib/python3.12/site-packages/quart/app.py", line 1502, in full_dispatch_request
    result = await self.handle_user_exception(error)
             ^^^^^^^^^^^^^^^^^^^^^^^^^^^^^^^^^^^^^^^
  File "/home/ubuntu/.local/lib/python3.12/site-packages/quart/app.py", line 1059, in handle_user_exception
    raise error
  File "/home/ubuntu/.local/lib/python3.12/site-packages/quart/app.py", line 1500, in full_dispatch_request
    result = await self.dispatch_request(request_context)
             ^^^^^^^^^^^^^^^^^^^^^^^^^^^^^^^^^^^^^^^^^^^^
  File "/home/ubuntu/.local/lib/python3.12/site-packages/quart/app.py", line 1597, in dispatch_request
    return await self.ensure_async(handler)(**request_.view_args)  # type: ignore[return-value]
           ^^^^^^^^^^^^^^^^^^^^^^^^^^^^^^^^^^^^^^^^^^^^^^^^^^^^^^
  File "/home/ubuntu/js/RestoreBot/web.py", line 58, in callback
    🌐 인증 서버: {guild['name']}({state})
                   ~~~~~^^^^^^^^
KeyError: 'name'
02-05-2025 05:46:09 AM:INFO:hypercorn.error: Running on http://0.0.0.0:4404 (CTRL + C to quit)
02-05-2025 05:46:13 AM:ERROR:Restore Web: Exception on request GET /callback
Traceback (most recent call last):
  File "/home/ubuntu/.local/lib/python3.12/site-packages/quart/app.py", line 1464, in handle_request
    return await self.full_dispatch_request(request_context)
           ^^^^^^^^^^^^^^^^^^^^^^^^^^^^^^^^^^^^^^^^^^^^^^^^^
  File "/home/ubuntu/.local/lib/python3.12/site-packages/quart/app.py", line 1503, in full_dispatch_request
    return await self.finalize_request(result, request_context)
           ^^^^^^^^^^^^^^^^^^^^^^^^^^^^^^^^^^^^^^^^^^^^^^^^^^^^
  File "/home/ubuntu/.local/lib/python3.12/site-packages/quart/app.py", line 1628, in finalize_request
    response = await self.make_response(result)
               ^^^^^^^^^^^^^^^^^^^^^^^^^^^^^^^^
  File "/home/ubuntu/.local/lib/python3.12/site-packages/quart/app.py", line 1430, in make_response
    raise TypeError(
TypeError: The response value returned by the view function cannot be None
02-05-2025 05:47:42 AM:INFO:hypercorn.error: Running on http://0.0.0.0:4404 (CTRL + C to quit)
02-05-2025 05:48:42 AM:INFO:hypercorn.error: Running on http://0.0.0.0:4404 (CTRL + C to quit)
02-05-2025 05:48:47 AM:ERROR:Restore Web: Exception on request GET /callback
Traceback (most recent call last):
  File "/home/ubuntu/.local/lib/python3.12/site-packages/quart/app.py", line 1464, in handle_request
    return await self.full_dispatch_request(request_context)
           ^^^^^^^^^^^^^^^^^^^^^^^^^^^^^^^^^^^^^^^^^^^^^^^^^
  File "/home/ubuntu/.local/lib/python3.12/site-packages/quart/app.py", line 1503, in full_dispatch_request
    return await self.finalize_request(result, request_context)
           ^^^^^^^^^^^^^^^^^^^^^^^^^^^^^^^^^^^^^^^^^^^^^^^^^^^^
  File "/home/ubuntu/.local/lib/python3.12/site-packages/quart/app.py", line 1628, in finalize_request
    response = await self.make_response(result)
               ^^^^^^^^^^^^^^^^^^^^^^^^^^^^^^^^
  File "/home/ubuntu/.local/lib/python3.12/site-packages/quart/app.py", line 1430, in make_response
    raise TypeError(
TypeError: The response value returned by the view function cannot be None
02-05-2025 05:51:28 AM:INFO:hypercorn.error: Running on http://0.0.0.0:4404 (CTRL + C to quit)
02-05-2025 05:51:32 AM:INFO:function.logger: 123.142.117.33 Users in data email: cheonjoonseo541@gmail.com, User: 준서(955108737906012170) in guild: 1316272008471904286
02-05-2025 05:51:32 AM:ERROR:Restore Web: Exception on request GET /callback
Traceback (most recent call last):
  File "/home/ubuntu/.local/lib/python3.12/site-packages/quart/app.py", line 1464, in handle_request
    return await self.full_dispatch_request(request_context)
           ^^^^^^^^^^^^^^^^^^^^^^^^^^^^^^^^^^^^^^^^^^^^^^^^^
  File "/home/ubuntu/.local/lib/python3.12/site-packages/quart/app.py", line 1502, in full_dispatch_request
    result = await self.handle_user_exception(error)
             ^^^^^^^^^^^^^^^^^^^^^^^^^^^^^^^^^^^^^^^
  File "/home/ubuntu/.local/lib/python3.12/site-packages/quart/app.py", line 1059, in handle_user_exception
    raise error
  File "/home/ubuntu/.local/lib/python3.12/site-packages/quart/app.py", line 1500, in full_dispatch_request
    result = await self.dispatch_request(request_context)
             ^^^^^^^^^^^^^^^^^^^^^^^^^^^^^^^^^^^^^^^^^^^^
  File "/home/ubuntu/.local/lib/python3.12/site-packages/quart/app.py", line 1597, in dispatch_request
    return await self.ensure_async(handler)(**request_.view_args)  # type: ignore[return-value]
           ^^^^^^^^^^^^^^^^^^^^^^^^^^^^^^^^^^^^^^^^^^^^^^^^^^^^^^
  File "/home/ubuntu/js/RestoreBot/web.py", line 48, in callback
    roleName = next((roleName for role in guild['roles'] if role['id'] == str(role_id)), False)
               ^^^^^^^^^^^^^^^^^^^^^^^^^^^^^^^^^^^^^^^^^^^^^^^^^^^^^^^^^^^^^^^^^^^^^^^^^^^^^^^^
  File "/home/ubuntu/js/RestoreBot/web.py", line 48, in <genexpr>
    roleName = next((roleName for role in guild['roles'] if role['id'] == str(role_id)), False)
                     ^^^^^^^^
NameError: cannot access free variable 'roleName' where it is not associated with a value in enclosing scope
02-05-2025 05:52:18 AM:INFO:hypercorn.error: Running on http://0.0.0.0:4404 (CTRL + C to quit)
02-05-2025 05:52:22 AM:INFO:function.logger: 123.142.117.33 Users in data email: cheonjoonseo541@gmail.com, User: 준서(955108737906012170) in guild: 1316272008471904286
02-05-2025 05:52:22 AM:ERROR:Restore Web: Exception on request GET /callback
Traceback (most recent call last):
  File "/home/ubuntu/.local/lib/python3.12/site-packages/quart/app.py", line 1464, in handle_request
    return await self.full_dispatch_request(request_context)
           ^^^^^^^^^^^^^^^^^^^^^^^^^^^^^^^^^^^^^^^^^^^^^^^^^
  File "/home/ubuntu/.local/lib/python3.12/site-packages/quart/app.py", line 1502, in full_dispatch_request
    result = await self.handle_user_exception(error)
             ^^^^^^^^^^^^^^^^^^^^^^^^^^^^^^^^^^^^^^^
  File "/home/ubuntu/.local/lib/python3.12/site-packages/quart/app.py", line 1059, in handle_user_exception
    raise error
  File "/home/ubuntu/.local/lib/python3.12/site-packages/quart/app.py", line 1500, in full_dispatch_request
    result = await self.dispatch_request(request_context)
             ^^^^^^^^^^^^^^^^^^^^^^^^^^^^^^^^^^^^^^^^^^^^
  File "/home/ubuntu/.local/lib/python3.12/site-packages/quart/app.py", line 1597, in dispatch_request
    return await self.ensure_async(handler)(**request_.view_args)  # type: ignore[return-value]
           ^^^^^^^^^^^^^^^^^^^^^^^^^^^^^^^^^^^^^^^^^^^^^^^^^^^^^^
  File "/home/ubuntu/js/RestoreBot/web.py", line 48, in callback
    roleName = next((rleName for role in guild['roles'] if role['id'] == str(role_id)), False)
               ^^^^^^^^^^^^^^^^^^^^^^^^^^^^^^^^^^^^^^^^^^^^^^^^^^^^^^^^^^^^^^^^^^^^^^^^^^^^^^^
  File "/home/ubuntu/js/RestoreBot/web.py", line 48, in <genexpr>
    roleName = next((rleName for role in guild['roles'] if role['id'] == str(role_id)), False)
                     ^^^^^^^
NameError: name 'rleName' is not defined
02-05-2025 05:54:01 AM:INFO:hypercorn.error: Running on http://0.0.0.0:4404 (CTRL + C to quit)
02-05-2025 05:54:41 AM:INFO:hypercorn.error: Running on http://0.0.0.0:4404 (CTRL + C to quit)
02-05-2025 05:54:45 AM:INFO:function.logger: 123.142.117.33 Users in data email: cheonjoonseo541@gmail.com, User: 준서(955108737906012170) in guild: 1316272008471904286
02-05-2025 05:55:13 AM:INFO:hypercorn.error: Running on http://0.0.0.0:4404 (CTRL + C to quit)
02-05-2025 05:55:17 AM:INFO:function.logger: 123.142.117.33 Users in data email: cheonjoonseo541@gmail.com, User: 준서(955108737906012170) in guild: 1316272008471904286
02-05-2025 05:58:38 AM:INFO:hypercorn.error: Running on http://0.0.0.0:4404 (CTRL + C to quit)
02-05-2025 06:01:23 AM:INFO:hypercorn.error: Running on http://0.0.0.0:4405 (CTRL + C to quit)
02-05-2025 06:01:28 AM:ERROR:Invite Web: Exception on request GET /7UNfBGmX
Traceback (most recent call last):
  File "/home/ubuntu/.local/lib/python3.12/site-packages/quart/app.py", line 1464, in handle_request
    return await self.full_dispatch_request(request_context)
           ^^^^^^^^^^^^^^^^^^^^^^^^^^^^^^^^^^^^^^^^^^^^^^^^^
  File "/home/ubuntu/.local/lib/python3.12/site-packages/quart/app.py", line 1503, in full_dispatch_request
    return await self.finalize_request(result, request_context)
           ^^^^^^^^^^^^^^^^^^^^^^^^^^^^^^^^^^^^^^^^^^^^^^^^^^^^
  File "/home/ubuntu/.local/lib/python3.12/site-packages/quart/app.py", line 1628, in finalize_request
    response = await self.make_response(result)
               ^^^^^^^^^^^^^^^^^^^^^^^^^^^^^^^^
  File "/home/ubuntu/.local/lib/python3.12/site-packages/quart/app.py", line 1430, in make_response
    raise TypeError(
TypeError: The response value returned by the view function cannot be None
02-05-2025 06:06:44 AM:INFO:hypercorn.error: Running on http://0.0.0.0:4405 (CTRL + C to quit)
02-05-2025 06:07:39 AM:INFO:hypercorn.error: Running on http://0.0.0.0:4405 (CTRL + C to quit)
02-05-2025 06:08:47 AM:ERROR:Invite Web: Exception on request GET /7UNfBGmX
Traceback (most recent call last):
  File "/home/ubuntu/.local/lib/python3.12/site-packages/quart/app.py", line 1464, in handle_request
    return await self.full_dispatch_request(request_context)
           ^^^^^^^^^^^^^^^^^^^^^^^^^^^^^^^^^^^^^^^^^^^^^^^^^
  File "/home/ubuntu/.local/lib/python3.12/site-packages/quart/app.py", line 1503, in full_dispatch_request
    return await self.finalize_request(result, request_context)
           ^^^^^^^^^^^^^^^^^^^^^^^^^^^^^^^^^^^^^^^^^^^^^^^^^^^^
  File "/home/ubuntu/.local/lib/python3.12/site-packages/quart/app.py", line 1628, in finalize_request
    response = await self.make_response(result)
               ^^^^^^^^^^^^^^^^^^^^^^^^^^^^^^^^
  File "/home/ubuntu/.local/lib/python3.12/site-packages/quart/app.py", line 1430, in make_response
    raise TypeError(
TypeError: The response value returned by the view function cannot be None
02-05-2025 06:08:50 AM:ERROR:Invite Web: Exception on request GET /7UNfBGmX
Traceback (most recent call last):
  File "/home/ubuntu/.local/lib/python3.12/site-packages/quart/app.py", line 1464, in handle_request
    return await self.full_dispatch_request(request_context)
           ^^^^^^^^^^^^^^^^^^^^^^^^^^^^^^^^^^^^^^^^^^^^^^^^^
  File "/home/ubuntu/.local/lib/python3.12/site-packages/quart/app.py", line 1503, in full_dispatch_request
    return await self.finalize_request(result, request_context)
           ^^^^^^^^^^^^^^^^^^^^^^^^^^^^^^^^^^^^^^^^^^^^^^^^^^^^
  File "/home/ubuntu/.local/lib/python3.12/site-packages/quart/app.py", line 1628, in finalize_request
    response = await self.make_response(result)
               ^^^^^^^^^^^^^^^^^^^^^^^^^^^^^^^^
  File "/home/ubuntu/.local/lib/python3.12/site-packages/quart/app.py", line 1430, in make_response
    raise TypeError(
TypeError: The response value returned by the view function cannot be None
02-05-2025 06:16:39 AM:ERROR:Invite Web: Exception on request GET /7UNfBGmX
Traceback (most recent call last):
  File "/home/ubuntu/.local/lib/python3.12/site-packages/quart/app.py", line 1464, in handle_request
    return await self.full_dispatch_request(request_context)
           ^^^^^^^^^^^^^^^^^^^^^^^^^^^^^^^^^^^^^^^^^^^^^^^^^
  File "/home/ubuntu/.local/lib/python3.12/site-packages/quart/app.py", line 1503, in full_dispatch_request
    return await self.finalize_request(result, request_context)
           ^^^^^^^^^^^^^^^^^^^^^^^^^^^^^^^^^^^^^^^^^^^^^^^^^^^^
  File "/home/ubuntu/.local/lib/python3.12/site-packages/quart/app.py", line 1628, in finalize_request
    response = await self.make_response(result)
               ^^^^^^^^^^^^^^^^^^^^^^^^^^^^^^^^
  File "/home/ubuntu/.local/lib/python3.12/site-packages/quart/app.py", line 1430, in make_response
    raise TypeError(
TypeError: The response value returned by the view function cannot be None
02-05-2025 06:17:36 AM:INFO:hypercorn.error: Running on http://0.0.0.0:4405 (CTRL + C to quit)
02-05-2025 06:17:38 AM:ERROR:Invite Web: Exception on request GET /7UNfBGmX
Traceback (most recent call last):
  File "/home/ubuntu/.local/lib/python3.12/site-packages/quart/app.py", line 1464, in handle_request
    return await self.full_dispatch_request(request_context)
           ^^^^^^^^^^^^^^^^^^^^^^^^^^^^^^^^^^^^^^^^^^^^^^^^^
  File "/home/ubuntu/.local/lib/python3.12/site-packages/quart/app.py", line 1503, in full_dispatch_request
    return await self.finalize_request(result, request_context)
           ^^^^^^^^^^^^^^^^^^^^^^^^^^^^^^^^^^^^^^^^^^^^^^^^^^^^
  File "/home/ubuntu/.local/lib/python3.12/site-packages/quart/app.py", line 1628, in finalize_request
    response = await self.make_response(result)
               ^^^^^^^^^^^^^^^^^^^^^^^^^^^^^^^^
  File "/home/ubuntu/.local/lib/python3.12/site-packages/quart/app.py", line 1430, in make_response
    raise TypeError(
TypeError: The response value returned by the view function cannot be None
02-05-2025 06:18:19 AM:INFO:hypercorn.error: Running on http://0.0.0.0:4405 (CTRL + C to quit)
02-05-2025 06:18:22 AM:ERROR:Invite Web: Exception on request GET /7UNfBGmX
Traceback (most recent call last):
  File "/home/ubuntu/.local/lib/python3.12/site-packages/quart/app.py", line 1464, in handle_request
    return await self.full_dispatch_request(request_context)
           ^^^^^^^^^^^^^^^^^^^^^^^^^^^^^^^^^^^^^^^^^^^^^^^^^
  File "/home/ubuntu/.local/lib/python3.12/site-packages/quart/app.py", line 1503, in full_dispatch_request
    return await self.finalize_request(result, request_context)
           ^^^^^^^^^^^^^^^^^^^^^^^^^^^^^^^^^^^^^^^^^^^^^^^^^^^^
  File "/home/ubuntu/.local/lib/python3.12/site-packages/quart/app.py", line 1628, in finalize_request
    response = await self.make_response(result)
               ^^^^^^^^^^^^^^^^^^^^^^^^^^^^^^^^
  File "/home/ubuntu/.local/lib/python3.12/site-packages/quart/app.py", line 1430, in make_response
    raise TypeError(
TypeError: The response value returned by the view function cannot be None
02-05-2025 06:18:35 AM:INFO:hypercorn.error: Running on http://0.0.0.0:4405 (CTRL + C to quit)
02-05-2025 06:22:26 AM:ERROR:Invite Web: Exception on request GET /callback
Traceback (most recent call last):
  File "/home/ubuntu/.local/lib/python3.12/site-packages/quart/app.py", line 1464, in handle_request
    return await self.full_dispatch_request(request_context)
           ^^^^^^^^^^^^^^^^^^^^^^^^^^^^^^^^^^^^^^^^^^^^^^^^^
  File "/home/ubuntu/.local/lib/python3.12/site-packages/quart/app.py", line 1502, in full_dispatch_request
    result = await self.handle_user_exception(error)
             ^^^^^^^^^^^^^^^^^^^^^^^^^^^^^^^^^^^^^^^
  File "/home/ubuntu/.local/lib/python3.12/site-packages/quart/app.py", line 1059, in handle_user_exception
    raise error
  File "/home/ubuntu/.local/lib/python3.12/site-packages/quart/app.py", line 1500, in full_dispatch_request
    result = await self.dispatch_request(request_context)
             ^^^^^^^^^^^^^^^^^^^^^^^^^^^^^^^^^^^^^^^^^^^^
  File "/home/ubuntu/.local/lib/python3.12/site-packages/quart/app.py", line 1597, in dispatch_request
    return await self.ensure_async(handler)(**request_.view_args)  # type: ignore[return-value]
           ^^^^^^^^^^^^^^^^^^^^^^^^^^^^^^^^^^^^^^^^^^^^^^^^^^^^^^
  File "/home/ubuntu/js/RestoreBot/invite.py", line 22, in invite
    guildID = data['guild']['id']
              ~~~~^^^^^^^^^
KeyError: 'guild'
02-05-2025 06:26:54 AM:INFO:discord.gateway: Shard ID None has successfully RESUMED session 7239c9a37b0c41bde8d43af83cd0e037.
02-05-2025 06:28:20 AM:INFO:hypercorn.error: Running on http://0.0.0.0:4405 (CTRL + C to quit)
02-05-2025 06:29:19 AM:INFO:hypercorn.error: Running on http://0.0.0.0:4405 (CTRL + C to quit)
02-05-2025 06:30:09 AM:INFO:hypercorn.error: Running on http://0.0.0.0:4405 (CTRL + C to quit)
02-05-2025 06:30:24 AM:INFO:hypercorn.error: Running on http://0.0.0.0:4405 (CTRL + C to quit)
02-05-2025 06:32:03 AM:INFO:hypercorn.error: Running on http://0.0.0.0:4405 (CTRL + C to quit)
02-05-2025 06:32:43 AM:INFO:hypercorn.error: Running on http://0.0.0.0:4405 (CTRL + C to quit)
02-05-2025 06:33:34 AM:INFO:hypercorn.error: Running on http://0.0.0.0:4405 (CTRL + C to quit)
02-05-2025 06:34:06 AM:INFO:hypercorn.error: Running on http://0.0.0.0:4405 (CTRL + C to quit)
02-05-2025 06:34:51 AM:INFO:hypercorn.error: Running on http://0.0.0.0:4405 (CTRL + C to quit)
02-05-2025 06:34:54 AM:ERROR:Invite Web: Exception on request POST /7UNfBGmX
Traceback (most recent call last):
  File "/home/ubuntu/.local/lib/python3.12/site-packages/quart/app.py", line 1464, in handle_request
    return await self.full_dispatch_request(request_context)
           ^^^^^^^^^^^^^^^^^^^^^^^^^^^^^^^^^^^^^^^^^^^^^^^^^
  File "/home/ubuntu/.local/lib/python3.12/site-packages/quart/app.py", line 1502, in full_dispatch_request
    result = await self.handle_user_exception(error)
             ^^^^^^^^^^^^^^^^^^^^^^^^^^^^^^^^^^^^^^^
  File "/home/ubuntu/.local/lib/python3.12/site-packages/quart/app.py", line 1059, in handle_user_exception
    raise error
  File "/home/ubuntu/.local/lib/python3.12/site-packages/quart/app.py", line 1500, in full_dispatch_request
    result = await self.dispatch_request(request_context)
             ^^^^^^^^^^^^^^^^^^^^^^^^^^^^^^^^^^^^^^^^^^^^
  File "/home/ubuntu/.local/lib/python3.12/site-packages/quart/app.py", line 1597, in dispatch_request
    return await self.ensure_async(handler)(**request_.view_args)  # type: ignore[return-value]
           ^^^^^^^^^^^^^^^^^^^^^^^^^^^^^^^^^^^^^^^^^^^^^^^^^^^^^^
  File "/home/ubuntu/js/RestoreBot/invite.py", line 49, in invite
    return await redirect(f"https://discord.com/oauth2/authorize?client_id=1324642750028578816&response_type=code&redirect_uri=https%3A%2F%2Finvite.zita.kr%2Fcallback&scope=identify+email+guilds.join&state={inviteLink}")
           ^^^^^^^^^^^^^^^^^^^^^^^^^^^^^^^^^^^^^^^^^^^^^^^^^^^^^^^^^^^^^^^^^^^^^^^^^^^^^^^^^^^^^^^^^^^^^^^^^^^^^^^^^^^^^^^^^^^^^^^^^^^^^^^^^^^^^^^^^^^^^^^^^^^^^^^^^^^^^^^^^^^^^^^^^^^^^^^^^^^^^^^^^^^^^^^^^^^^^^^^^^^^^^^^^
TypeError: object Response can't be used in 'await' expression
02-05-2025 06:34:58 AM:ERROR:Invite Web: Exception on request POST /7UNfBGmX
Traceback (most recent call last):
  File "/home/ubuntu/.local/lib/python3.12/site-packages/quart/app.py", line 1464, in handle_request
    return await self.full_dispatch_request(request_context)
           ^^^^^^^^^^^^^^^^^^^^^^^^^^^^^^^^^^^^^^^^^^^^^^^^^
  File "/home/ubuntu/.local/lib/python3.12/site-packages/quart/app.py", line 1502, in full_dispatch_request
    result = await self.handle_user_exception(error)
             ^^^^^^^^^^^^^^^^^^^^^^^^^^^^^^^^^^^^^^^
  File "/home/ubuntu/.local/lib/python3.12/site-packages/quart/app.py", line 1059, in handle_user_exception
    raise error
  File "/home/ubuntu/.local/lib/python3.12/site-packages/quart/app.py", line 1500, in full_dispatch_request
    result = await self.dispatch_request(request_context)
             ^^^^^^^^^^^^^^^^^^^^^^^^^^^^^^^^^^^^^^^^^^^^
  File "/home/ubuntu/.local/lib/python3.12/site-packages/quart/app.py", line 1597, in dispatch_request
    return await self.ensure_async(handler)(**request_.view_args)  # type: ignore[return-value]
           ^^^^^^^^^^^^^^^^^^^^^^^^^^^^^^^^^^^^^^^^^^^^^^^^^^^^^^
  File "/home/ubuntu/js/RestoreBot/invite.py", line 49, in invite
    return await redirect(f"https://discord.com/oauth2/authorize?client_id=1324642750028578816&response_type=code&redirect_uri=https%3A%2F%2Finvite.zita.kr%2Fcallback&scope=identify+email+guilds.join&state={inviteLink}")
           ^^^^^^^^^^^^^^^^^^^^^^^^^^^^^^^^^^^^^^^^^^^^^^^^^^^^^^^^^^^^^^^^^^^^^^^^^^^^^^^^^^^^^^^^^^^^^^^^^^^^^^^^^^^^^^^^^^^^^^^^^^^^^^^^^^^^^^^^^^^^^^^^^^^^^^^^^^^^^^^^^^^^^^^^^^^^^^^^^^^^^^^^^^^^^^^^^^^^^^^^^^^^^^^^^
TypeError: object Response can't be used in 'await' expression
02-05-2025 06:35:12 AM:INFO:hypercorn.error: Running on http://0.0.0.0:4405 (CTRL + C to quit)
02-05-2025 06:35:20 AM:ERROR:Invite Web: Exception on request GET /callback
Traceback (most recent call last):
  File "/home/ubuntu/.local/lib/python3.12/site-packages/quart/app.py", line 1464, in handle_request
    return await self.full_dispatch_request(request_context)
           ^^^^^^^^^^^^^^^^^^^^^^^^^^^^^^^^^^^^^^^^^^^^^^^^^
  File "/home/ubuntu/.local/lib/python3.12/site-packages/quart/app.py", line 1503, in full_dispatch_request
    return await self.finalize_request(result, request_context)
           ^^^^^^^^^^^^^^^^^^^^^^^^^^^^^^^^^^^^^^^^^^^^^^^^^^^^
  File "/home/ubuntu/.local/lib/python3.12/site-packages/quart/app.py", line 1628, in finalize_request
    response = await self.make_response(result)
               ^^^^^^^^^^^^^^^^^^^^^^^^^^^^^^^^
  File "/home/ubuntu/.local/lib/python3.12/site-packages/quart/app.py", line 1430, in make_response
    raise TypeError(
TypeError: The response value returned by the view function cannot be None
02-05-2025 06:37:47 AM:INFO:hypercorn.error: Running on http://0.0.0.0:4405 (CTRL + C to quit)
02-05-2025 06:38:40 AM:ERROR:Invite Web: Exception on request GET /callback
Traceback (most recent call last):
  File "/home/ubuntu/.local/lib/python3.12/site-packages/quart/app.py", line 1464, in handle_request
    return await self.full_dispatch_request(request_context)
           ^^^^^^^^^^^^^^^^^^^^^^^^^^^^^^^^^^^^^^^^^^^^^^^^^
  File "/home/ubuntu/.local/lib/python3.12/site-packages/quart/app.py", line 1502, in full_dispatch_request
    result = await self.handle_user_exception(error)
             ^^^^^^^^^^^^^^^^^^^^^^^^^^^^^^^^^^^^^^^
  File "/home/ubuntu/.local/lib/python3.12/site-packages/quart/app.py", line 1059, in handle_user_exception
    raise error
  File "/home/ubuntu/.local/lib/python3.12/site-packages/quart/app.py", line 1500, in full_dispatch_request
    result = await self.dispatch_request(request_context)
             ^^^^^^^^^^^^^^^^^^^^^^^^^^^^^^^^^^^^^^^^^^^^
  File "/home/ubuntu/.local/lib/python3.12/site-packages/quart/app.py", line 1597, in dispatch_request
    return await self.ensure_async(handler)(**request_.view_args)  # type: ignore[return-value]
           ^^^^^^^^^^^^^^^^^^^^^^^^^^^^^^^^^^^^^^^^^^^^^^^^^^^^^^
  File "/home/ubuntu/js/RestoreBot/invite.py", line 32, in callback
    exchangeRes, guild, ip = await asyncio.gather(
                                   ^^^^^^^
NameError: name 'asyncio' is not defined. Did you forget to import 'asyncio'
02-05-2025 06:41:34 AM:INFO:hypercorn.error: Running on http://0.0.0.0:4405 (CTRL + C to quit)
02-05-2025 06:43:04 AM:ERROR:Invite Web: Exception on request GET /zita
Traceback (most recent call last):
  File "/home/ubuntu/.local/lib/python3.12/site-packages/quart/app.py", line 1464, in handle_request
    return await self.full_dispatch_request(request_context)
           ^^^^^^^^^^^^^^^^^^^^^^^^^^^^^^^^^^^^^^^^^^^^^^^^^
  File "/home/ubuntu/.local/lib/python3.12/site-packages/quart/app.py", line 1502, in full_dispatch_request
    result = await self.handle_user_exception(error)
             ^^^^^^^^^^^^^^^^^^^^^^^^^^^^^^^^^^^^^^^
  File "/home/ubuntu/.local/lib/python3.12/site-packages/quart/app.py", line 1059, in handle_user_exception
    raise error
  File "/home/ubuntu/.local/lib/python3.12/site-packages/quart/app.py", line 1500, in full_dispatch_request
    result = await self.dispatch_request(request_context)
             ^^^^^^^^^^^^^^^^^^^^^^^^^^^^^^^^^^^^^^^^^^^^
  File "/home/ubuntu/.local/lib/python3.12/site-packages/quart/app.py", line 1597, in dispatch_request
    return await self.ensure_async(handler)(**request_.view_args)  # type: ignore[return-value]
           ^^^^^^^^^^^^^^^^^^^^^^^^^^^^^^^^^^^^^^^^^^^^^^^^^^^^^^
  File "/home/ubuntu/js/RestoreBot/invite.py", line 53, in invite
    guildID = data['guild']['id']
              ~~~~^^^^^^^^^
KeyError: 'guild'
02-05-2025 06:43:20 AM:ERROR:Invite Web: Exception on request GET /zita
Traceback (most recent call last):
  File "/home/ubuntu/.local/lib/python3.12/site-packages/quart/app.py", line 1464, in handle_request
    return await self.full_dispatch_request(request_context)
           ^^^^^^^^^^^^^^^^^^^^^^^^^^^^^^^^^^^^^^^^^^^^^^^^^
  File "/home/ubuntu/.local/lib/python3.12/site-packages/quart/app.py", line 1502, in full_dispatch_request
    result = await self.handle_user_exception(error)
             ^^^^^^^^^^^^^^^^^^^^^^^^^^^^^^^^^^^^^^^
  File "/home/ubuntu/.local/lib/python3.12/site-packages/quart/app.py", line 1059, in handle_user_exception
    raise error
  File "/home/ubuntu/.local/lib/python3.12/site-packages/quart/app.py", line 1500, in full_dispatch_request
    result = await self.dispatch_request(request_context)
             ^^^^^^^^^^^^^^^^^^^^^^^^^^^^^^^^^^^^^^^^^^^^
  File "/home/ubuntu/.local/lib/python3.12/site-packages/quart/app.py", line 1597, in dispatch_request
    return await self.ensure_async(handler)(**request_.view_args)  # type: ignore[return-value]
           ^^^^^^^^^^^^^^^^^^^^^^^^^^^^^^^^^^^^^^^^^^^^^^^^^^^^^^
  File "/home/ubuntu/js/RestoreBot/invite.py", line 53, in invite
    data = await response.json()
          ^^^^^^^^^^^^^
KeyError: 'guild'
02-05-2025 06:43:22 AM:ERROR:Invite Web: Exception on request GET /favicon.ico
Traceback (most recent call last):
  File "/home/ubuntu/.local/lib/python3.12/site-packages/quart/app.py", line 1464, in handle_request
    return await self.full_dispatch_request(request_context)
           ^^^^^^^^^^^^^^^^^^^^^^^^^^^^^^^^^^^^^^^^^^^^^^^^^
  File "/home/ubuntu/.local/lib/python3.12/site-packages/quart/app.py", line 1502, in full_dispatch_request
    result = await self.handle_user_exception(error)
             ^^^^^^^^^^^^^^^^^^^^^^^^^^^^^^^^^^^^^^^
  File "/home/ubuntu/.local/lib/python3.12/site-packages/quart/app.py", line 1059, in handle_user_exception
    raise error
  File "/home/ubuntu/.local/lib/python3.12/site-packages/quart/app.py", line 1500, in full_dispatch_request
    result = await self.dispatch_request(request_context)
             ^^^^^^^^^^^^^^^^^^^^^^^^^^^^^^^^^^^^^^^^^^^^
  File "/home/ubuntu/.local/lib/python3.12/site-packages/quart/app.py", line 1597, in dispatch_request
    return await self.ensure_async(handler)(**request_.view_args)  # type: ignore[return-value]
           ^^^^^^^^^^^^^^^^^^^^^^^^^^^^^^^^^^^^^^^^^^^^^^^^^^^^^^
  File "/home/ubuntu/js/RestoreBot/invite.py", line 53, in invite
    data = await response.json()
          ^^^^^^^^^^^^^
KeyError: 'guild'
02-05-2025 06:44:08 AM:INFO:hypercorn.error: Running on http://0.0.0.0:4405 (CTRL + C to quit)
02-05-2025 06:45:15 AM:ERROR:Invite Web: Exception on request GET /callback
Traceback (most recent call last):
  File "/home/ubuntu/.local/lib/python3.12/site-packages/quart/app.py", line 1464, in handle_request
    return await self.full_dispatch_request(request_context)
           ^^^^^^^^^^^^^^^^^^^^^^^^^^^^^^^^^^^^^^^^^^^^^^^^^
  File "/home/ubuntu/.local/lib/python3.12/site-packages/quart/app.py", line 1503, in full_dispatch_request
    return await self.finalize_request(result, request_context)
           ^^^^^^^^^^^^^^^^^^^^^^^^^^^^^^^^^^^^^^^^^^^^^^^^^^^^
  File "/home/ubuntu/.local/lib/python3.12/site-packages/quart/app.py", line 1628, in finalize_request
    response = await self.make_response(result)
               ^^^^^^^^^^^^^^^^^^^^^^^^^^^^^^^^
  File "/home/ubuntu/.local/lib/python3.12/site-packages/quart/app.py", line 1430, in make_response
    raise TypeError(
TypeError: The response value returned by the view function cannot be None
02-05-2025 06:51:14 AM:INFO:hypercorn.error: Running on http://0.0.0.0:4405 (CTRL + C to quit)
02-05-2025 06:51:24 AM:INFO:function.logger: 123.142.117.33 Users in data email: cheonjoonseo541@gmail.com, User: 준서(955108737906012170) in guild: 1316272008471904286
02-05-2025 06:55:00 AM:INFO:function.logger: 118.34.72.30 Users in data email: donuldduck@outlook.kr, User: .(762458172870361128) in guild: 1316272008471904286
02-05-2025 06:58:08 AM:INFO:hypercorn.error: Running on http://0.0.0.0:4405 (CTRL + C to quit)
02-05-2025 06:58:28 AM:INFO:hypercorn.error: Running on http://0.0.0.0:4405 (CTRL + C to quit)
02-05-2025 06:58:39 AM:INFO:function.logger: 123.142.117.33 Users in data email: cheonjoonseo541@gmail.com, User: 준서(955108737906012170) in guild: 1316272008471904286
02-05-2025 07:00:46 AM:INFO:hypercorn.error: Running on http://0.0.0.0:4405 (CTRL + C to quit)
02-05-2025 07:06:32 AM:INFO:function.logger: 121.185.133.204 Users in data email: donuldduck@outlook.kr, User: .(762458172870361128) in guild: 1316272008471904286
02-05-2025 07:16:40 AM:INFO:function.logger: 125.251.212.217 Users in data email: kimjisuoep@gmail.com, User: pro 1(1258973936218275932) in guild: 1324667266150699058
02-05-2025 07:32:13 AM:INFO:function.logger: 123.142.117.33 Users in data email: cheonjoonseo541@gmail.com, User: 준서(955108737906012170) in guild: 1316272008471904286
02-05-2025 08:08:03 AM:INFO:hypercorn.error: Running on http://0.0.0.0:4405 (CTRL + C to quit)
02-05-2025 08:08:51 AM:INFO:hypercorn.error: Running on http://0.0.0.0:4405 (CTRL + C to quit)
02-05-2025 08:09:48 AM:INFO:hypercorn.error: Running on http://0.0.0.0:4405 (CTRL + C to quit)
02-05-2025 08:15:58 AM:INFO:discord.gateway: Shard ID None has successfully RESUMED session 7239c9a37b0c41bde8d43af83cd0e037.
02-05-2025 08:17:03 AM:INFO:hypercorn.error: Running on http://0.0.0.0:4405 (CTRL + C to quit)
02-05-2025 08:18:01 AM:INFO:hypercorn.error: Running on http://0.0.0.0:4405 (CTRL + C to quit)
02-05-2025 08:31:50 AM:INFO:hypercorn.error: Running on http://0.0.0.0:4405 (CTRL + C to quit)
02-05-2025 08:32:05 AM:INFO:hypercorn.error: Running on http://0.0.0.0:4405 (CTRL + C to quit)
02-05-2025 08:46:58 AM:INFO:function.logger: 123.142.117.33 Users in data email: cheonjoonseo541@gmail.com, User: 준서(955108737906012170) in guild: 1316272008471904286
02-05-2025 08:47:03 AM:INFO:function.logger: 211.109.43.195 Users in data email: m.cg2024.20809@on.use.go.kr, User: 정민(936560922963619840) in guild: 1316272008471904286
02-05-2025 08:50:32 AM:ERROR:discord.ui.view: Ignoring exception in view <backupBtn timeout=900.0 children=1> for item <Button style=<ButtonStyle.primary: 1> url=None disabled=False label='확인했습니다.' emoji=<PartialEmoji animated=False name='✅' id=None> row=None sku_id=None>
Traceback (most recent call last):
  File "/home/ubuntu/.local/lib/python3.12/site-packages/discord/ui/view.py", line 430, in _scheduled_task
    await item.callback(interaction)
  File "/home/ubuntu/js/RestoreBot/button/backupBtn.py", line 69, in check
    channels, roles, emojidata = await asyncio.gather(channelBackup(), roleBackup(), emojiBackup())
                                 ^^^^^^^^^^^^^^^^^^^^^^^^^^^^^^^^^^^^^^^^^^^^^^^^^^^^^^^^^^^^^^^^^^
  File "/home/ubuntu/js/RestoreBot/button/backupBtn.py", line 45, in channelBackup
    for perm in overwrite.permissions:
                ^^^^^^^^^^^^^^^^^^^^^
AttributeError: 'Member' object has no attribute 'permissions'. Did you mean: '_permissions'?
